This file contains any messages produced by compilers while
running configure, to aid debugging if configure makes a mistake.

It was created by tstat configure 2.3, which was
generated by GNU Autoconf 2.68.  Invocation command line was

  $ ./configure 

## --------- ##
## Platform. ##
## --------- ##

hostname = asus-ubuntu
uname -m = i686
uname -r = 3.2.0-32-generic
uname -s = Linux
uname -v = #51-Ubuntu SMP Wed Sep 26 21:32:50 UTC 2012

/usr/bin/uname -p = unknown
/bin/uname -X     = unknown

/bin/arch              = unknown
/usr/bin/arch -k       = unknown
/usr/convex/getsysinfo = unknown
/usr/bin/hostinfo      = unknown
/bin/machine           = unknown
/usr/bin/oslevel       = unknown
/bin/universe          = unknown

PATH: /usr/lib/lightdm/lightdm
PATH: /usr/local/sbin
PATH: /usr/local/bin
PATH: /usr/sbin
PATH: /usr/bin
PATH: /sbin
PATH: /bin
PATH: /usr/games
PATH: .
PATH: /home/andrea/bin
PATH: /usr/lib/jvm/java-1.6.0-openjdk/bin
PATH: .
PATH: /home/andrea/trimaran/openimpact/bin
PATH: /home/andrea/trimaran/openimpact/scripts
PATH: /home/andrea/trimaran/openimpact/driver
PATH: /home/andrea/trimaran/elcor/bin
PATH: /home/andrea/trimaran/simu/bin
PATH: /home/andrea/trimaran/scripts
PATH: /home/andrea/trimaran/gui/bin
PATH: /home/andrea/trimaran/tas/bin
PATH: /home/andrea/trimaran/arm


## ----------- ##
## Core tests. ##
## ----------- ##

configure:2412: checking for a BSD-compatible install
configure:2480: result: /usr/bin/install -c
configure:2491: checking whether build environment is sane
configure:2541: result: yes
configure:2682: checking for a thread-safe mkdir -p
configure:2721: result: /bin/mkdir -p
configure:2734: checking for gawk
configure:2750: found /usr/bin/gawk
configure:2761: result: gawk
configure:2772: checking whether make sets $(MAKE)
configure:2794: result: yes
configure:2953: checking for gcc
configure:2980: result: gcc
configure:3209: checking for C compiler version
configure:3218: gcc --version >&5
gcc (Ubuntu/Linaro 4.6.3-1ubuntu5) 4.6.3
Copyright (C) 2011 Free Software Foundation, Inc.
This is free software; see the source for copying conditions.  There is NO
warranty; not even for MERCHANTABILITY or FITNESS FOR A PARTICULAR PURPOSE.

configure:3229: $? = 0
configure:3218: gcc -v >&5
Using built-in specs.
COLLECT_GCC=gcc
COLLECT_LTO_WRAPPER=/usr/lib/gcc/i686-linux-gnu/4.6/lto-wrapper
Target: i686-linux-gnu
Configured with: ../src/configure -v --with-pkgversion='Ubuntu/Linaro 4.6.3-1ubuntu5' --with-bugurl=file:///usr/share/doc/gcc-4.6/README.Bugs --enable-languages=c,c++,fortran,objc,obj-c++ --prefix=/usr --program-suffix=-4.6 --enable-shared --enable-linker-build-id --with-system-zlib --libexecdir=/usr/lib --without-included-gettext --enable-threads=posix --with-gxx-include-dir=/usr/include/c++/4.6 --libdir=/usr/lib --enable-nls --with-sysroot=/ --enable-clocale=gnu --enable-libstdcxx-debug --enable-libstdcxx-time=yes --enable-gnu-unique-object --enable-plugin --enable-objc-gc --enable-targets=all --disable-werror --with-arch-32=i686 --with-tune=generic --enable-checking=release --build=i686-linux-gnu --host=i686-linux-gnu --target=i686-linux-gnu
Thread model: posix
gcc version 4.6.3 (Ubuntu/Linaro 4.6.3-1ubuntu5) 
configure:3229: $? = 0
configure:3218: gcc -V >&5
gcc: error: unrecognized option '-V'
gcc: fatal error: no input files
compilation terminated.
configure:3229: $? = 4
configure:3218: gcc -qversion >&5
gcc: error: unrecognized option '-qversion'
gcc: fatal error: no input files
compilation terminated.
configure:3229: $? = 4
configure:3249: checking whether the C compiler works
configure:3271: gcc    conftest.c  >&5
configure:3275: $? = 0
configure:3323: result: yes
configure:3326: checking for C compiler default output file name
configure:3328: result: a.out
configure:3334: checking for suffix of executables
configure:3341: gcc -o conftest    conftest.c  >&5
configure:3345: $? = 0
configure:3367: result: 
configure:3389: checking whether we are cross compiling
configure:3397: gcc -o conftest    conftest.c  >&5
configure:3401: $? = 0
configure:3408: ./conftest
configure:3412: $? = 0
configure:3427: result: no
configure:3432: checking for suffix of object files
configure:3454: gcc -c   conftest.c >&5
configure:3458: $? = 0
configure:3479: result: o
configure:3483: checking whether we are using the GNU C compiler
configure:3502: gcc -c   conftest.c >&5
configure:3502: $? = 0
configure:3511: result: yes
configure:3520: checking whether gcc accepts -g
configure:3540: gcc -c -g  conftest.c >&5
configure:3540: $? = 0
configure:3581: result: yes
configure:3598: checking for gcc option to accept ISO C89
configure:3662: gcc  -c -g -O2  conftest.c >&5
configure:3662: $? = 0
configure:3675: result: none needed
configure:3706: checking for style of include used by make
configure:3734: result: GNU
configure:3760: checking dependency style of gcc
configure:3871: result: gcc3
configure:3915: checking build system type
configure:3929: result: i686-pc-linux-gnu
configure:3949: checking host system type
configure:3962: result: i686-pc-linux-gnu
configure:4003: checking how to print strings
configure:4030: result: printf
configure:4051: checking for a sed that does not truncate output
configure:4115: result: /bin/sed
configure:4133: checking for grep that handles long lines and -e
configure:4191: result: /bin/grep
configure:4196: checking for egrep
configure:4258: result: /bin/grep -E
configure:4263: checking for fgrep
configure:4325: result: /bin/grep -F
configure:4360: checking for ld used by gcc
configure:4427: result: /usr/bin/ld
configure:4434: checking if the linker (/usr/bin/ld) is GNU ld
configure:4449: result: yes
configure:4461: checking for BSD- or MS-compatible name lister (nm)
configure:4510: result: /usr/bin/nm -B
configure:4640: checking the name lister (/usr/bin/nm -B) interface
configure:4647: gcc -c -g -O2  conftest.c >&5
configure:4650: /usr/bin/nm -B "conftest.o"
configure:4653: output
00000000 B some_variable
configure:4660: result: BSD nm
configure:4663: checking whether ln -s works
configure:4667: result: yes
configure:4675: checking the maximum length of command line arguments
configure:4805: result: 1572864
configure:4822: checking whether the shell understands some XSI constructs
configure:4832: result: yes
configure:4836: checking whether the shell understands "+="
configure:4842: result: yes
configure:4877: checking how to convert i686-pc-linux-gnu file names to i686-pc-linux-gnu format
configure:4917: result: func_convert_file_noop
configure:4924: checking how to convert i686-pc-linux-gnu file names to toolchain format
configure:4944: result: func_convert_file_noop
configure:4951: checking for /usr/bin/ld option to reload object files
configure:4958: result: -r
configure:5032: checking for objdump
configure:5048: found /usr/bin/objdump
configure:5059: result: objdump
configure:5091: checking how to recognize dependent libraries
configure:5293: result: pass_all
configure:5378: checking for dlltool
configure:5408: result: no
configure:5438: checking how to associate runtime and link libraries
configure:5465: result: printf %s\n
configure:5526: checking for ar
configure:5542: found /usr/bin/ar
configure:5553: result: ar
configure:5590: checking for archiver @FILE support
configure:5607: gcc -c -g -O2  conftest.c >&5
configure:5607: $? = 0
configure:5610: ar cru libconftest.a @conftest.lst >&5
configure:5613: $? = 0
configure:5618: ar cru libconftest.a @conftest.lst >&5
ar: conftest.o: No such file or directory
configure:5621: $? = 1
configure:5633: result: @
configure:5691: checking for strip
configure:5707: found /usr/bin/strip
configure:5718: result: strip
configure:5790: checking for ranlib
configure:5806: found /usr/bin/ranlib
configure:5817: result: ranlib
configure:5919: checking command to parse /usr/bin/nm -B output from gcc object
configure:6039: gcc -c -g -O2  conftest.c >&5
configure:6042: $? = 0
configure:6046: /usr/bin/nm -B conftest.o \| sed -n -e 's/^.*[ ]\([ABCDGIRSTW][ABCDGIRSTW]*\)[ ][ ]*\([_A-Za-z][_A-Za-z0-9]*\)$/\1 \2 \2/p' | sed '/ __gnu_lto/d' \> conftest.nm
configure:6049: $? = 0
configure:6115: gcc -o conftest -g -O2   conftest.c conftstm.o >&5
configure:6118: $? = 0
configure:6156: result: ok
configure:6193: checking for sysroot
configure:6223: result: no
configure:6479: checking for mt
configure:6495: found /bin/mt
configure:6506: result: mt
configure:6529: checking if mt is a manifest tool
configure:6535: mt '-?'
configure:6543: result: no
configure:7185: checking how to run the C preprocessor
configure:7216: gcc -E  conftest.c
configure:7216: $? = 0
configure:7230: gcc -E  conftest.c
conftest.c:16:28: fatal error: ac_nonexistent.h: No such file or directory
compilation terminated.
configure:7230: $? = 1
configure: failed program was:
| /* confdefs.h */
| #define PACKAGE_NAME "tstat"
| #define PACKAGE_TARNAME "tstat"
| #define PACKAGE_VERSION "2.3"
| #define PACKAGE_STRING "tstat 2.3"
| #define PACKAGE_BUGREPORT "<mellia@mail.tlc.polito.it> <maurizio.munafo@polito.it>"
| #define PACKAGE_URL ""
| #define PACKAGE "tstat"
| #define VERSION "2.3"
| #define VERSION_MAJOR 2
| #define VERSION_MINOR 3
| #define VERSION_BUGFIX 0
| #define VERSION_DATE "Tue Feb 14 11:43:57 CET 2012"
| #define VERSION_FLAVOR "Spezi"
| /* end confdefs.h.  */
| #include <ac_nonexistent.h>
configure:7255: result: gcc -E
configure:7275: gcc -E  conftest.c
configure:7275: $? = 0
configure:7289: gcc -E  conftest.c
conftest.c:16:28: fatal error: ac_nonexistent.h: No such file or directory
compilation terminated.
configure:7289: $? = 1
configure: failed program was:
| /* confdefs.h */
| #define PACKAGE_NAME "tstat"
| #define PACKAGE_TARNAME "tstat"
| #define PACKAGE_VERSION "2.3"
| #define PACKAGE_STRING "tstat 2.3"
| #define PACKAGE_BUGREPORT "<mellia@mail.tlc.polito.it> <maurizio.munafo@polito.it>"
| #define PACKAGE_URL ""
| #define PACKAGE "tstat"
| #define VERSION "2.3"
| #define VERSION_MAJOR 2
| #define VERSION_MINOR 3
| #define VERSION_BUGFIX 0
| #define VERSION_DATE "Tue Feb 14 11:43:57 CET 2012"
| #define VERSION_FLAVOR "Spezi"
| /* end confdefs.h.  */
| #include <ac_nonexistent.h>
configure:7318: checking for ANSI C header files
configure:7338: gcc -c -g -O2  conftest.c >&5
configure:7338: $? = 0
configure:7411: gcc -o conftest -g -O2   conftest.c  >&5
configure:7411: $? = 0
configure:7411: ./conftest
configure:7411: $? = 0
configure:7422: result: yes
configure:7435: checking for sys/types.h
configure:7435: gcc -c -g -O2  conftest.c >&5
configure:7435: $? = 0
configure:7435: result: yes
configure:7435: checking for sys/stat.h
configure:7435: gcc -c -g -O2  conftest.c >&5
configure:7435: $? = 0
configure:7435: result: yes
configure:7435: checking for stdlib.h
configure:7435: gcc -c -g -O2  conftest.c >&5
configure:7435: $? = 0
configure:7435: result: yes
configure:7435: checking for string.h
configure:7435: gcc -c -g -O2  conftest.c >&5
configure:7435: $? = 0
configure:7435: result: yes
configure:7435: checking for memory.h
configure:7435: gcc -c -g -O2  conftest.c >&5
configure:7435: $? = 0
configure:7435: result: yes
configure:7435: checking for strings.h
configure:7435: gcc -c -g -O2  conftest.c >&5
configure:7435: $? = 0
configure:7435: result: yes
configure:7435: checking for inttypes.h
configure:7435: gcc -c -g -O2  conftest.c >&5
configure:7435: $? = 0
configure:7435: result: yes
configure:7435: checking for stdint.h
configure:7435: gcc -c -g -O2  conftest.c >&5
configure:7435: $? = 0
configure:7435: result: yes
configure:7435: checking for unistd.h
configure:7435: gcc -c -g -O2  conftest.c >&5
configure:7435: $? = 0
configure:7435: result: yes
configure:7449: checking for dlfcn.h
configure:7449: gcc -c -g -O2  conftest.c >&5
configure:7449: $? = 0
configure:7449: result: yes
configure:7655: checking for objdir
configure:7670: result: .libs
configure:7937: checking if gcc supports -fno-rtti -fno-exceptions
configure:7955: gcc -c -g -O2  -fno-rtti -fno-exceptions conftest.c >&5
cc1: warning: command line option '-fno-rtti' is valid for C++/ObjC++ but not for C [enabled by default]
configure:7959: $? = 0
configure:7972: result: no
configure:8299: checking for gcc option to produce PIC
configure:8306: result: -fPIC -DPIC
configure:8314: checking if gcc PIC flag -fPIC -DPIC works
configure:8332: gcc -c -g -O2  -fPIC -DPIC -DPIC conftest.c >&5
configure:8336: $? = 0
configure:8349: result: yes
configure:8378: checking if gcc static flag -static works
configure:8406: result: yes
configure:8421: checking if gcc supports -c -o file.o
configure:8442: gcc -c -g -O2  -o out/conftest2.o conftest.c >&5
configure:8446: $? = 0
configure:8468: result: yes
configure:8476: checking if gcc supports -c -o file.o
configure:8523: result: yes
configure:8556: checking whether the gcc linker (/usr/bin/ld) supports shared libraries
configure:9713: result: yes
configure:9750: checking whether -lc should be explicitly linked in
configure:9758: gcc -c -g -O2  conftest.c >&5
configure:9761: $? = 0
configure:9776: gcc -shared  -fPIC -DPIC conftest.o  -v -Wl,-soname -Wl,conftest -o conftest 2\>\&1 \| /bin/grep  -lc  \>/dev/null 2\>\&1
configure:9779: $? = 0
configure:9793: result: no
configure:9953: checking dynamic linker characteristics
configure:10464: gcc -o conftest -g -O2   -Wl,-rpath -Wl,/foo conftest.c  >&5
configure:10464: $? = 0
configure:10698: result: GNU/Linux ld.so
configure:10805: checking how to hardcode library paths into programs
configure:10830: result: immediate
configure:11370: checking whether stripping libraries is possible
configure:11375: result: yes
configure:11410: checking if libtool supports shared libraries
configure:11412: result: yes
configure:11415: checking whether to build shared libraries
configure:11436: result: yes
configure:11439: checking whether to build static libraries
configure:11443: result: yes
configure:11480: checking whether make sets $(MAKE)
configure:11502: result: yes
configure:11518: checking size of unsigned long long int
configure:11523: gcc -o conftest -g -O2   conftest.c  >&5
configure:11523: $? = 0
configure:11523: ./conftest
configure:11523: $? = 0
configure:11537: result: 8
configure:11551: checking size of unsigned long int
configure:11556: gcc -o conftest -g -O2   conftest.c  >&5
configure:11556: $? = 0
configure:11556: ./conftest
configure:11556: $? = 0
configure:11570: result: 4
configure:11584: checking size of unsigned int
configure:11589: gcc -o conftest -g -O2   conftest.c  >&5
configure:11589: $? = 0
configure:11589: ./conftest
configure:11589: $? = 0
configure:11603: result: 4
configure:11617: checking size of unsigned short
configure:11622: gcc -o conftest -g -O2   conftest.c  >&5
configure:11622: $? = 0
configure:11622: ./conftest
configure:11622: $? = 0
configure:11636: result: 2
configure:11657: checking for fpurge
configure:11657: gcc -o conftest -g -O2   conftest.c  >&5
/tmp/ccrDXb0r.o: In function `main':
/home/andrea/tstat/conftest.c:66: undefined reference to `fpurge'
collect2: ld returned 1 exit status
configure:11657: $? = 1
configure: failed program was:
| /* confdefs.h */
| #define PACKAGE_NAME "tstat"
| #define PACKAGE_TARNAME "tstat"
| #define PACKAGE_VERSION "2.3"
| #define PACKAGE_STRING "tstat 2.3"
| #define PACKAGE_BUGREPORT "<mellia@mail.tlc.polito.it> <maurizio.munafo@polito.it>"
| #define PACKAGE_URL ""
| #define PACKAGE "tstat"
| #define VERSION "2.3"
| #define VERSION_MAJOR 2
| #define VERSION_MINOR 3
| #define VERSION_BUGFIX 0
| #define VERSION_DATE "Tue Feb 14 11:43:57 CET 2012"
| #define VERSION_FLAVOR "Spezi"
| #define STDC_HEADERS 1
| #define HAVE_SYS_TYPES_H 1
| #define HAVE_SYS_STAT_H 1
| #define HAVE_STDLIB_H 1
| #define HAVE_STRING_H 1
| #define HAVE_MEMORY_H 1
| #define HAVE_STRINGS_H 1
| #define HAVE_INTTYPES_H 1
| #define HAVE_STDINT_H 1
| #define HAVE_UNISTD_H 1
| #define HAVE_DLFCN_H 1
| #define LT_OBJDIR ".libs/"
| #define SIZEOF_UNSIGNED_LONG_LONG_INT 8
| #define SIZEOF_UNSIGNED_LONG_INT 4
| #define SIZEOF_UNSIGNED_INT 4
| #define SIZEOF_UNSIGNED_SHORT 2
| /* end confdefs.h.  */
| /* Define fpurge to an innocuous variant, in case <limits.h> declares fpurge.
|    For example, HP-UX 11i <limits.h> declares gettimeofday.  */
| #define fpurge innocuous_fpurge
| 
| /* System header to define __stub macros and hopefully few prototypes,
|     which can conflict with char fpurge (); below.
|     Prefer <limits.h> to <assert.h> if __STDC__ is defined, since
|     <limits.h> exists even on freestanding compilers.  */
| 
| #ifdef __STDC__
| # include <limits.h>
| #else
| # include <assert.h>
| #endif
| 
| #undef fpurge
| 
| /* Override any GCC internal prototype to avoid an error.
|    Use char because int might match the return type of a GCC
|    builtin and then its argument prototype would still apply.  */
| #ifdef __cplusplus
| extern "C"
| #endif
| char fpurge ();
| /* The GNU C library defines this for functions which it implements
|     to always fail with ENOSYS.  Some functions are actually named
|     something starting with __ and the normal name is an alias.  */
| #if defined __stub_fpurge || defined __stub___fpurge
| choke me
| #endif
| 
| int
| main ()
| {
| return fpurge ();
|   ;
|   return 0;
| }
configure:11657: result: no
configure:11670: checking for mkstemp
configure:11670: gcc -o conftest -g -O2   conftest.c  >&5
configure:11670: $? = 0
configure:11670: result: yes
configure:11683: checking for inet_pton
configure:11683: gcc -o conftest -g -O2   conftest.c  >&5
configure:11683: $? = 0
configure:11683: result: yes
configure:11702: checking for log in -lm
configure:11727: gcc -o conftest -g -O2   conftest.c -lm   >&5
conftest.c:41:6: warning: conflicting types for built-in function 'log' [enabled by default]
configure:11727: $? = 0
configure:11736: result: yes
configure:11749: checking for pthread_cond_init in -lpthread
configure:11774: gcc -o conftest -g -O2   conftest.c -lpthread  -lm  >&5
configure:11774: $? = 0
configure:11783: result: yes
configure:11868: checking pcap.h usability
configure:11868: gcc -c -g -O2  conftest.c >&5
configure:11868: $? = 0
configure:11868: result: yes
configure:11868: checking pcap.h presence
configure:11868: gcc -E  conftest.c
configure:11868: $? = 0
configure:11868: result: yes
configure:11868: checking for pcap.h
configure:11868: result: yes
configure:11882: checking net/bpf.h usability
configure:11882: gcc -c -g -O2  conftest.c >&5
conftest.c:70:21: fatal error: net/bpf.h: No such file or directory
compilation terminated.
configure:11882: $? = 1
configure: failed program was:
| /* confdefs.h */
| #define PACKAGE_NAME "tstat"
| #define PACKAGE_TARNAME "tstat"
| #define PACKAGE_VERSION "2.3"
| #define PACKAGE_STRING "tstat 2.3"
| #define PACKAGE_BUGREPORT "<mellia@mail.tlc.polito.it> <maurizio.munafo@polito.it>"
| #define PACKAGE_URL ""
| #define PACKAGE "tstat"
| #define VERSION "2.3"
| #define VERSION_MAJOR 2
| #define VERSION_MINOR 3
| #define VERSION_BUGFIX 0
| #define VERSION_DATE "Tue Feb 14 11:43:57 CET 2012"
| #define VERSION_FLAVOR "Spezi"
| #define STDC_HEADERS 1
| #define HAVE_SYS_TYPES_H 1
| #define HAVE_SYS_STAT_H 1
| #define HAVE_STDLIB_H 1
| #define HAVE_STRING_H 1
| #define HAVE_MEMORY_H 1
| #define HAVE_STRINGS_H 1
| #define HAVE_INTTYPES_H 1
| #define HAVE_STDINT_H 1
| #define HAVE_UNISTD_H 1
| #define HAVE_DLFCN_H 1
| #define LT_OBJDIR ".libs/"
| #define SIZEOF_UNSIGNED_LONG_LONG_INT 8
| #define SIZEOF_UNSIGNED_LONG_INT 4
| #define SIZEOF_UNSIGNED_INT 4
| #define SIZEOF_UNSIGNED_SHORT 2
| #define HAVE_MKSTEMP 1
| #define HAVE_INET_PTON 1
| #define HAVE_LIBM 1
| #define HAVE_LIBPTHREAD 1
| #define HAVE_PCAP_H 1
| /* end confdefs.h.  */
| #include <stdio.h>
| #ifdef HAVE_SYS_TYPES_H
| # include <sys/types.h>
| #endif
| #ifdef HAVE_SYS_STAT_H
| # include <sys/stat.h>
| #endif
| #ifdef STDC_HEADERS
| # include <stdlib.h>
| # include <stddef.h>
| #else
| # ifdef HAVE_STDLIB_H
| #  include <stdlib.h>
| # endif
| #endif
| #ifdef HAVE_STRING_H
| # if !defined STDC_HEADERS && defined HAVE_MEMORY_H
| #  include <memory.h>
| # endif
| # include <string.h>
| #endif
| #ifdef HAVE_STRINGS_H
| # include <strings.h>
| #endif
| #ifdef HAVE_INTTYPES_H
| # include <inttypes.h>
| #endif
| #ifdef HAVE_STDINT_H
| # include <stdint.h>
| #endif
| #ifdef HAVE_UNISTD_H
| # include <unistd.h>
| #endif
| #include <net/bpf.h>
configure:11882: result: no
configure:11882: checking net/bpf.h presence
configure:11882: gcc -E  conftest.c
conftest.c:37:21: fatal error: net/bpf.h: No such file or directory
compilation terminated.
configure:11882: $? = 1
configure: failed program was:
| /* confdefs.h */
| #define PACKAGE_NAME "tstat"
| #define PACKAGE_TARNAME "tstat"
| #define PACKAGE_VERSION "2.3"
| #define PACKAGE_STRING "tstat 2.3"
| #define PACKAGE_BUGREPORT "<mellia@mail.tlc.polito.it> <maurizio.munafo@polito.it>"
| #define PACKAGE_URL ""
| #define PACKAGE "tstat"
| #define VERSION "2.3"
| #define VERSION_MAJOR 2
| #define VERSION_MINOR 3
| #define VERSION_BUGFIX 0
| #define VERSION_DATE "Tue Feb 14 11:43:57 CET 2012"
| #define VERSION_FLAVOR "Spezi"
| #define STDC_HEADERS 1
| #define HAVE_SYS_TYPES_H 1
| #define HAVE_SYS_STAT_H 1
| #define HAVE_STDLIB_H 1
| #define HAVE_STRING_H 1
| #define HAVE_MEMORY_H 1
| #define HAVE_STRINGS_H 1
| #define HAVE_INTTYPES_H 1
| #define HAVE_STDINT_H 1
| #define HAVE_UNISTD_H 1
| #define HAVE_DLFCN_H 1
| #define LT_OBJDIR ".libs/"
| #define SIZEOF_UNSIGNED_LONG_LONG_INT 8
| #define SIZEOF_UNSIGNED_LONG_INT 4
| #define SIZEOF_UNSIGNED_INT 4
| #define SIZEOF_UNSIGNED_SHORT 2
| #define HAVE_MKSTEMP 1
| #define HAVE_INET_PTON 1
| #define HAVE_LIBM 1
| #define HAVE_LIBPTHREAD 1
| #define HAVE_PCAP_H 1
| /* end confdefs.h.  */
| #include <net/bpf.h>
configure:11882: result: no
configure:11882: checking for net/bpf.h
configure:11882: result: no
configure:11894: checking pcap-bpf.h usability
configure:11894: gcc -c -g -O2  conftest.c >&5
configure:11894: $? = 0
configure:11894: result: yes
configure:11894: checking pcap-bpf.h presence
configure:11894: gcc -E  conftest.c
configure:11894: $? = 0
configure:11894: result: yes
configure:11894: checking for pcap-bpf.h
configure:11894: result: yes
configure:11905: checking for pcap_open_live in -lpcap
configure:11930: gcc -o conftest -g -O2   conftest.c -lpcap  -lpthread -lm  >&5
configure:11930: $? = 0
configure:11939: result: yes
configure:11991: checking for rrd_init in -lrrd
configure:12016: gcc -o conftest -g -O2   conftest.c -lrrd  -lpcap -lpthread -lm  >&5
/usr/bin/ld: cannot find -lrrd
collect2: ld returned 1 exit status
configure:12016: $? = 1
configure: failed program was:
| /* confdefs.h */
| #define PACKAGE_NAME "tstat"
| #define PACKAGE_TARNAME "tstat"
| #define PACKAGE_VERSION "2.3"
| #define PACKAGE_STRING "tstat 2.3"
| #define PACKAGE_BUGREPORT "<mellia@mail.tlc.polito.it> <maurizio.munafo@polito.it>"
| #define PACKAGE_URL ""
| #define PACKAGE "tstat"
| #define VERSION "2.3"
| #define VERSION_MAJOR 2
| #define VERSION_MINOR 3
| #define VERSION_BUGFIX 0
| #define VERSION_DATE "Tue Feb 14 11:43:57 CET 2012"
| #define VERSION_FLAVOR "Spezi"
| #define STDC_HEADERS 1
| #define HAVE_SYS_TYPES_H 1
| #define HAVE_SYS_STAT_H 1
| #define HAVE_STDLIB_H 1
| #define HAVE_STRING_H 1
| #define HAVE_MEMORY_H 1
| #define HAVE_STRINGS_H 1
| #define HAVE_INTTYPES_H 1
| #define HAVE_STDINT_H 1
| #define HAVE_UNISTD_H 1
| #define HAVE_DLFCN_H 1
| #define LT_OBJDIR ".libs/"
| #define SIZEOF_UNSIGNED_LONG_LONG_INT 8
| #define SIZEOF_UNSIGNED_LONG_INT 4
| #define SIZEOF_UNSIGNED_INT 4
| #define SIZEOF_UNSIGNED_SHORT 2
| #define HAVE_MKSTEMP 1
| #define HAVE_INET_PTON 1
| #define HAVE_LIBM 1
| #define HAVE_LIBPTHREAD 1
| #define HAVE_PCAP_H 1
| #define HAVE_PCAP_BPF_H 1
| #define HAVE_LIBPCAP 1
| /* end confdefs.h.  */
| 
| /* Override any GCC internal prototype to avoid an error.
|    Use char because int might match the return type of a GCC
|    builtin and then its argument prototype would still apply.  */
| #ifdef __cplusplus
| extern "C"
| #endif
| char rrd_init ();
| int
| main ()
| {
| return rrd_init ();
|   ;
|   return 0;
| }
configure:12025: result: no
configure:12053: checking for gzopen in -lz
configure:12078: gcc -o conftest -g -O2   conftest.c -lz  -lpcap -lpthread -lm  >&5
configure:12078: $? = 0
configure:12087: result: yes
configure:12092: checking zlib.h usability
configure:12092: gcc -c -g -O2  conftest.c >&5
configure:12092: $? = 0
configure:12092: result: yes
configure:12092: checking zlib.h presence
configure:12092: gcc -E  conftest.c
configure:12092: $? = 0
configure:12092: result: yes
configure:12092: checking for zlib.h
configure:12092: result: yes
configure:12264: creating ./config.status

## ---------------------- ##
## Running config.status. ##
## ---------------------- ##

This file was extended by tstat config.status 2.3, which was
generated by GNU Autoconf 2.68.  Invocation command line was

  CONFIG_FILES    = 
  CONFIG_HEADERS  = 
  CONFIG_LINKS    = 
  CONFIG_COMMANDS = 
  $ ./config.status 

on asus-ubuntu

config.status:1118: creating Makefile
config.status:1118: creating tstat/Makefile
config.status:1118: creating libtstat/Makefile
config.status:1118: creating libtstat/libtstat.pc
config.status:1118: creating libtstat-demo/Makefile
config.status:1118: creating README
config.status:1118: creating NEWS
config.status:1118: creating config.h
config.status:1299: config.h is unchanged
config.status:1347: executing depfiles commands
config.status:1347: executing libtool commands

## ---------------- ##
## Cache variables. ##
## ---------------- ##

ac_cv_build=i686-pc-linux-gnu
ac_cv_c_compiler_gnu=yes
ac_cv_env_CC_set=set
ac_cv_env_CC_value=gcc
ac_cv_env_CFLAGS_set=
ac_cv_env_CFLAGS_value=
ac_cv_env_CPPFLAGS_set=
ac_cv_env_CPPFLAGS_value=
ac_cv_env_CPP_set=
ac_cv_env_CPP_value=
ac_cv_env_LDFLAGS_set=
ac_cv_env_LDFLAGS_value=
ac_cv_env_LIBS_set=
ac_cv_env_LIBS_value=
ac_cv_env_build_alias_set=
ac_cv_env_build_alias_value=
ac_cv_env_host_alias_set=
ac_cv_env_host_alias_value=
ac_cv_env_target_alias_set=
ac_cv_env_target_alias_value=
ac_cv_func_fpurge=no
ac_cv_func_inet_pton=yes
ac_cv_func_mkstemp=yes
ac_cv_header_dlfcn_h=yes
ac_cv_header_inttypes_h=yes
ac_cv_header_memory_h=yes
ac_cv_header_net_bpf_h=no
ac_cv_header_pcap_bpf_h=yes
ac_cv_header_pcap_h=yes
ac_cv_header_stdc=yes
ac_cv_header_stdint_h=yes
ac_cv_header_stdlib_h=yes
ac_cv_header_string_h=yes
ac_cv_header_strings_h=yes
ac_cv_header_sys_stat_h=yes
ac_cv_header_sys_types_h=yes
ac_cv_header_unistd_h=yes
ac_cv_header_zlib_h=yes
ac_cv_host=i686-pc-linux-gnu
ac_cv_lib_m_log=yes
ac_cv_lib_pcap_pcap_open_live=yes
ac_cv_lib_pthread_pthread_cond_init=yes
ac_cv_lib_rrd_rrd_init=no
ac_cv_lib_z_gzopen=yes
ac_cv_objext=o
ac_cv_path_EGREP='/bin/grep -E'
ac_cv_path_FGREP='/bin/grep -F'
ac_cv_path_GREP=/bin/grep
ac_cv_path_SED=/bin/sed
ac_cv_path_install='/usr/bin/install -c'
ac_cv_path_mkdir=/bin/mkdir
ac_cv_prog_AWK=gawk
ac_cv_prog_CPP='gcc -E'
ac_cv_prog_ac_ct_AR=ar
ac_cv_prog_ac_ct_CC=gcc
ac_cv_prog_ac_ct_MANIFEST_TOOL=mt
ac_cv_prog_ac_ct_OBJDUMP=objdump
ac_cv_prog_ac_ct_RANLIB=ranlib
ac_cv_prog_ac_ct_STRIP=strip
ac_cv_prog_cc_c89=
ac_cv_prog_cc_g=yes
ac_cv_prog_make_make_set=yes
ac_cv_sizeof_unsigned_int=4
ac_cv_sizeof_unsigned_long_int=4
ac_cv_sizeof_unsigned_long_long_int=8
ac_cv_sizeof_unsigned_short=2
am_cv_CC_dependencies_compiler_type=gcc3
lt_cv_ar_at_file=@
lt_cv_archive_cmds_need_lc=no
lt_cv_deplibs_check_method=pass_all
lt_cv_file_magic_cmd='$MAGIC_CMD'
lt_cv_file_magic_test_file=
lt_cv_ld_reload_flag=-r
lt_cv_nm_interface='BSD nm'
lt_cv_objdir=.libs
lt_cv_path_LD=/usr/bin/ld
lt_cv_path_NM='/usr/bin/nm -B'
lt_cv_path_mainfest_tool=no
lt_cv_prog_compiler_c_o=yes
lt_cv_prog_compiler_pic='-fPIC -DPIC'
lt_cv_prog_compiler_pic_works=yes
lt_cv_prog_compiler_rtti_exceptions=no
lt_cv_prog_compiler_static_works=yes
lt_cv_prog_gnu_ld=yes
lt_cv_sharedlib_from_linklib_cmd='printf %s\n'
lt_cv_shlibpath_overrides_runpath=no
lt_cv_sys_global_symbol_pipe='sed -n -e '\''s/^.*[	 ]\([ABCDGIRSTW][ABCDGIRSTW]*\)[	 ][	 ]*\([_A-Za-z][_A-Za-z0-9]*\)$/\1 \2 \2/p'\'' | sed '\''/ __gnu_lto/d'\'''
lt_cv_sys_global_symbol_to_c_name_address='sed -n -e '\''s/^: \([^ ]*\)[ ]*$/  {\"\1\", (void *) 0},/p'\'' -e '\''s/^[ABCDGIRSTW]* \([^ ]*\) \([^ ]*\)$/  {"\2", (void *) \&\2},/p'\'''
lt_cv_sys_global_symbol_to_c_name_address_lib_prefix='sed -n -e '\''s/^: \([^ ]*\)[ ]*$/  {\"\1\", (void *) 0},/p'\'' -e '\''s/^[ABCDGIRSTW]* \([^ ]*\) \(lib[^ ]*\)$/  {"\2", (void *) \&\2},/p'\'' -e '\''s/^[ABCDGIRSTW]* \([^ ]*\) \([^ ]*\)$/  {"lib\2", (void *) \&\2},/p'\'''
lt_cv_sys_global_symbol_to_cdecl='sed -n -e '\''s/^T .* \(.*\)$/extern int \1();/p'\'' -e '\''s/^[ABCDGIRSTW]* .* \(.*\)$/extern char \1;/p'\'''
lt_cv_sys_max_cmd_len=1572864
lt_cv_to_host_file_cmd=func_convert_file_noop
lt_cv_to_tool_file_cmd=func_convert_file_noop

## ----------------- ##
## Output variables. ##
## ----------------- ##

ACLOCAL='${SHELL} /home/andrea/tstat/config/missing --run aclocal-1.11'
AMDEPBACKSLASH='\'
AMDEP_FALSE='#'
AMDEP_TRUE=''
AMTAR='$${TAR-tar}'
AR='ar'
AUTOCONF='${SHELL} /home/andrea/tstat/config/missing --run autoconf'
AUTOHEADER='${SHELL} /home/andrea/tstat/config/missing --run autoheader'
AUTOMAKE='${SHELL} /home/andrea/tstat/config/missing --run automake-1.11'
AWK='gawk'
CC='gcc'
CCDEPMODE='depmode=gcc3'
CFLAGS='-g -O2'
CPP='gcc -E'
CPPFLAGS=''
CYGPATH_W='echo'
DEFS='-DHAVE_CONFIG_H'
DEPDIR='.deps'
DLLTOOL='false'
DSYMUTIL=''
DUMPBIN=''
ECHO_C=''
ECHO_N='-n'
ECHO_T=''
EGREP='/bin/grep -E'
EXEEXT=''
FGREP='/bin/grep -F'
GREP='/bin/grep'
INSTALL_DATA='${INSTALL} -m 644'
INSTALL_PROGRAM='${INSTALL}'
INSTALL_SCRIPT='${INSTALL}'
INSTALL_STRIP_PROGRAM='$(install_sh) -c -s'
LD='/usr/bin/ld'
LDFLAGS=''
LIBOBJS=''
LIBS='-lpcap -lpthread -lm  -lz'
LIBTOOL='$(SHELL) $(top_builddir)/libtool'
LIBTSTAT_FALSE=''
LIBTSTAT_TRUE='#'
LIBTSTAT_VERSION='1.0.0'
LIPO=''
LN_S='ln -s'
LTLIBOBJS=''
MAKEINFO='${SHELL} /home/andrea/tstat/config/missing --run makeinfo'
MANIFEST_TOOL=':'
MKDIR_P='/bin/mkdir -p'
NM='/usr/bin/nm -B'
NMEDIT=''
OBJDUMP='objdump'
OBJEXT='o'
OTOOL64=''
OTOOL=''
PACKAGE='tstat'
PACKAGE_BUGREPORT='<mellia@mail.tlc.polito.it> <maurizio.munafo@polito.it>'
PACKAGE_NAME='tstat'
PACKAGE_STRING='tstat 2.3'
PACKAGE_TARNAME='tstat'
PACKAGE_URL=''
PACKAGE_VERSION='2.3'
PATH_SEPARATOR=':'
PCAP_LDLINK='-lpcap'
RANLIB='ranlib'
SED='/bin/sed'
SET_MAKE=''
SHELL='/bin/sh'
STRIP='strip'
VERSION='2.3'
V_CCOPT=''
V_DEFINES=' -D_BSD_SOURCE -DHAVE_ZLIB'
V_INCLS=''
ac_ct_AR='ar'
ac_ct_CC='gcc'
ac_ct_DUMPBIN=''
am__EXEEXT_FALSE=''
am__EXEEXT_TRUE='#'
am__fastdepCC_FALSE='#'
am__fastdepCC_TRUE=''
am__include='include'
am__isrc=''
am__leading_dot='.'
am__nodep='_no'
am__quote=''
am__tar='$${TAR-tar} chof - "$$tardir"'
am__untar='$${TAR-tar} xf -'
bindir='${exec_prefix}/bin'
build='i686-pc-linux-gnu'
build_alias=''
build_cpu='i686'
build_os='linux-gnu'
build_vendor='pc'
datadir='${datarootdir}'
datarootdir='${prefix}/share'
docdir='${datarootdir}/doc/${PACKAGE_TARNAME}'
dvidir='${docdir}'
exec_prefix='${prefix}'
host='i686-pc-linux-gnu'
host_alias=''
host_cpu='i686'
host_os='linux-gnu'
host_vendor='pc'
htmldir='${docdir}'
includedir='${prefix}/include'
infodir='${datarootdir}/info'
install_sh='${SHELL} /home/andrea/tstat/config/install-sh'
libdir='${exec_prefix}/lib'
libexecdir='${exec_prefix}/libexec'
localedir='${datarootdir}/locale'
localstatedir='${prefix}/var'
mandir='${datarootdir}/man'
mkdir_p='/bin/mkdir -p'
oldincludedir='/usr/include'
pdfdir='${docdir}'
prefix='/usr/local'
program_transform_name='s,x,x,'
psdir='${docdir}'
sbindir='${exec_prefix}/sbin'
sharedstatedir='${prefix}/com'
sysconfdir='${prefix}/etc'
target_alias=''

## ----------- ##
## confdefs.h. ##
## ----------- ##

/* confdefs.h */
#define PACKAGE_NAME "tstat"
#define PACKAGE_TARNAME "tstat"
#define PACKAGE_VERSION "2.3"
#define PACKAGE_STRING "tstat 2.3"
#define PACKAGE_BUGREPORT "<mellia@mail.tlc.polito.it> <maurizio.munafo@polito.it>"
#define PACKAGE_URL ""
#define PACKAGE "tstat"
#define VERSION "2.3"
#define VERSION_MAJOR 2
#define VERSION_MINOR 3
#define VERSION_BUGFIX 0
#define VERSION_DATE "Tue Feb 14 11:43:57 CET 2012"
#define VERSION_FLAVOR "Spezi"
#define STDC_HEADERS 1
#define HAVE_SYS_TYPES_H 1
#define HAVE_SYS_STAT_H 1
#define HAVE_STDLIB_H 1
#define HAVE_STRING_H 1
#define HAVE_MEMORY_H 1
#define HAVE_STRINGS_H 1
#define HAVE_INTTYPES_H 1
#define HAVE_STDINT_H 1
#define HAVE_UNISTD_H 1
#define HAVE_DLFCN_H 1
#define LT_OBJDIR ".libs/"
#define SIZEOF_UNSIGNED_LONG_LONG_INT 8
#define SIZEOF_UNSIGNED_LONG_INT 4
#define SIZEOF_UNSIGNED_INT 4
#define SIZEOF_UNSIGNED_SHORT 2
#define HAVE_MKSTEMP 1
#define HAVE_INET_PTON 1
#define HAVE_LIBM 1
#define HAVE_LIBPTHREAD 1
#define HAVE_PCAP_H 1
#define HAVE_PCAP_BPF_H 1
#define HAVE_LIBPCAP 1
#define HAVE_ZLIB_H 1

configure: exit 0
