This file contains any messages produced by compilers while
running configure, to aid debugging if configure makes a mistake.

It was created by tstat configure 2.3, which was
generated by GNU Autoconf 2.68.  Invocation command line was

  $ ./configure --no-create --no-recursion

## --------- ##
## Platform. ##
## --------- ##

hostname = araldo-desktop
uname -m = x86_64
uname -r = 3.2.0-38-generic
uname -s = Linux
uname -v = #61-Ubuntu SMP Tue Feb 19 12:18:21 UTC 2013

/usr/bin/uname -p = unknown
/bin/uname -X     = unknown

/bin/arch              = unknown
/usr/bin/arch -k       = unknown
/usr/convex/getsysinfo = unknown
/usr/bin/hostinfo      = unknown
/bin/machine           = unknown
/usr/bin/oslevel       = unknown
/bin/universe          = unknown

PATH: /usr/lib/lightdm/lightdm
PATH: /usr/local/sbin
PATH: /usr/local/bin
PATH: /usr/sbin
PATH: /usr/bin
PATH: /sbin
PATH: /bin
PATH: /usr/games


## ----------- ##
## Core tests. ##
## ----------- ##

configure:2545: checking for a BSD-compatible install
configure:2613: result: /usr/bin/install -c
configure:2624: checking whether build environment is sane
configure:2674: result: yes
configure:2815: checking for a thread-safe mkdir -p
configure:2854: result: /bin/mkdir -p
configure:2867: checking for gawk
configure:2897: result: no
configure:2867: checking for mawk
configure:2883: found /usr/bin/mawk
configure:2894: result: mawk
configure:2905: checking whether make sets $(MAKE)
configure:2927: result: yes
configure:3086: checking for gcc
configure:3102: found /usr/bin/gcc
configure:3113: result: gcc
configure:3342: checking for C compiler version
configure:3351: gcc --version >&5
gcc (Ubuntu/Linaro 4.6.3-1ubuntu5) 4.6.3
Copyright (C) 2011 Free Software Foundation, Inc.
This is free software; see the source for copying conditions.  There is NO
warranty; not even for MERCHANTABILITY or FITNESS FOR A PARTICULAR PURPOSE.

configure:3362: $? = 0
configure:3351: gcc -v >&5
Using built-in specs.
COLLECT_GCC=gcc
COLLECT_LTO_WRAPPER=/usr/lib/gcc/x86_64-linux-gnu/4.6/lto-wrapper
Target: x86_64-linux-gnu
Configured with: ../src/configure -v --with-pkgversion='Ubuntu/Linaro 4.6.3-1ubuntu5' --with-bugurl=file:///usr/share/doc/gcc-4.6/README.Bugs --enable-languages=c,c++,fortran,objc,obj-c++ --prefix=/usr --program-suffix=-4.6 --enable-shared --enable-linker-build-id --with-system-zlib --libexecdir=/usr/lib --without-included-gettext --enable-threads=posix --with-gxx-include-dir=/usr/include/c++/4.6 --libdir=/usr/lib --enable-nls --with-sysroot=/ --enable-clocale=gnu --enable-libstdcxx-debug --enable-libstdcxx-time=yes --enable-gnu-unique-object --enable-plugin --enable-objc-gc --disable-werror --with-arch-32=i686 --with-tune=generic --enable-checking=release --build=x86_64-linux-gnu --host=x86_64-linux-gnu --target=x86_64-linux-gnu
Thread model: posix
gcc version 4.6.3 (Ubuntu/Linaro 4.6.3-1ubuntu5) 
configure:3362: $? = 0
configure:3351: gcc -V >&5
gcc: error: unrecognized option '-V'
gcc: fatal error: no input files
compilation terminated.
configure:3362: $? = 4
configure:3351: gcc -qversion >&5
gcc: error: unrecognized option '-qversion'
gcc: fatal error: no input files
compilation terminated.
configure:3362: $? = 4
configure:3382: checking whether the C compiler works
configure:3404: gcc    conftest.c  >&5
configure:3408: $? = 0
configure:3456: result: yes
configure:3459: checking for C compiler default output file name
configure:3461: result: a.out
configure:3467: checking for suffix of executables
configure:3474: gcc -o conftest    conftest.c  >&5
configure:3478: $? = 0
configure:3500: result: 
configure:3522: checking whether we are cross compiling
configure:3530: gcc -o conftest    conftest.c  >&5
configure:3534: $? = 0
configure:3541: ./conftest
configure:3545: $? = 0
configure:3560: result: no
configure:3565: checking for suffix of object files
configure:3587: gcc -c   conftest.c >&5
configure:3591: $? = 0
configure:3612: result: o
configure:3616: checking whether we are using the GNU C compiler
configure:3635: gcc -c   conftest.c >&5
configure:3635: $? = 0
configure:3644: result: yes
configure:3653: checking whether gcc accepts -g
configure:3673: gcc -c -g  conftest.c >&5
configure:3673: $? = 0
configure:3714: result: yes
configure:3731: checking for gcc option to accept ISO C89
configure:3795: gcc  -c -g -O2  conftest.c >&5
configure:3795: $? = 0
configure:3808: result: none needed
configure:3839: checking for style of include used by make
configure:3867: result: GNU
configure:3892: checking dependency style of gcc
configure:4002: result: gcc3
configure:4046: checking build system type
configure:4060: result: x86_64-unknown-linux-gnu
configure:4080: checking host system type
configure:4093: result: x86_64-unknown-linux-gnu
configure:4113: checking for a sed that does not truncate output
configure:4177: result: /bin/sed
configure:4195: checking for grep that handles long lines and -e
configure:4253: result: /bin/grep
configure:4258: checking for egrep
configure:4320: result: /bin/grep -E
configure:4325: checking for fgrep
configure:4387: result: /bin/grep -F
configure:4422: checking for ld used by gcc
configure:4489: result: /usr/bin/ld
configure:4496: checking if the linker (/usr/bin/ld) is GNU ld
configure:4511: result: yes
configure:4523: checking for BSD- or MS-compatible name lister (nm)
configure:4572: result: /usr/bin/nm -B
configure:4690: checking the name lister (/usr/bin/nm -B) interface
configure:4697: gcc -c -g -O2  conftest.c >&5
configure:4700: /usr/bin/nm -B "conftest.o"
configure:4703: output
0000000000000000 B some_variable
configure:4710: result: BSD nm
configure:4713: checking whether ln -s works
configure:4717: result: yes
configure:4725: checking the maximum length of command line arguments
configure:4845: result: 3458764513820540925
configure:4862: checking whether the shell understands some XSI constructs
configure:4872: result: yes
configure:4876: checking whether the shell understands "+="
configure:4882: result: yes
configure:4917: checking for /usr/bin/ld option to reload object files
configure:4924: result: -r
configure:4993: checking for objdump
configure:5009: found /usr/bin/objdump
configure:5020: result: objdump
configure:5052: checking how to recognize dependent libraries
configure:5248: result: pass_all
configure:5308: checking for ar
configure:5324: found /usr/bin/ar
configure:5335: result: ar
configure:5413: checking for strip
configure:5429: found /usr/bin/strip
configure:5440: result: strip
configure:5512: checking for ranlib
configure:5528: found /usr/bin/ranlib
configure:5539: result: ranlib
configure:5629: checking command to parse /usr/bin/nm -B output from gcc object
configure:5747: gcc -c -g -O2  conftest.c >&5
configure:5750: $? = 0
configure:5754: /usr/bin/nm -B conftest.o \| sed -n -e 's/^.*[	 ]\([ABCDGIRSTW][ABCDGIRSTW]*\)[	 ][	 ]*\([_A-Za-z][_A-Za-z0-9]*\)$/\1 \2 \2/p' \> conftest.nm
configure:5757: $? = 0
configure:5811: gcc -o conftest -g -O2   conftest.c conftstm.o >&5
configure:5814: $? = 0
configure:5852: result: ok
configure:5948: gcc -c -g -O2  conftest.c >&5
configure:5951: $? = 0
configure:6661: checking how to run the C preprocessor
configure:6692: gcc -E  conftest.c
configure:6692: $? = 0
configure:6706: gcc -E  conftest.c
conftest.c:16:28: fatal error: ac_nonexistent.h: No such file or directory
compilation terminated.
configure:6706: $? = 1
configure: failed program was:
| /* confdefs.h */
| #define PACKAGE_NAME "tstat"
| #define PACKAGE_TARNAME "tstat"
| #define PACKAGE_VERSION "2.3"
| #define PACKAGE_STRING "tstat 2.3"
| #define PACKAGE_BUGREPORT "<mellia@mail.tlc.polito.it> <maurizio.munafo@polito.it>"
| #define PACKAGE_URL ""
| #define PACKAGE "tstat"
| #define VERSION "2.3"
| #define VERSION_MAJOR 2
| #define VERSION_MINOR 3
| #define VERSION_BUGFIX 0
| #define VERSION_DATE "Tue Feb 14 11:43:57 CET 2012"
| #define VERSION_FLAVOR "Spezi"
| /* end confdefs.h.  */
| #include <ac_nonexistent.h>
configure:6731: result: gcc -E
configure:6751: gcc -E  conftest.c
configure:6751: $? = 0
configure:6765: gcc -E  conftest.c
conftest.c:16:28: fatal error: ac_nonexistent.h: No such file or directory
compilation terminated.
configure:6765: $? = 1
configure: failed program was:
| /* confdefs.h */
| #define PACKAGE_NAME "tstat"
| #define PACKAGE_TARNAME "tstat"
| #define PACKAGE_VERSION "2.3"
| #define PACKAGE_STRING "tstat 2.3"
| #define PACKAGE_BUGREPORT "<mellia@mail.tlc.polito.it> <maurizio.munafo@polito.it>"
| #define PACKAGE_URL ""
| #define PACKAGE "tstat"
| #define VERSION "2.3"
| #define VERSION_MAJOR 2
| #define VERSION_MINOR 3
| #define VERSION_BUGFIX 0
| #define VERSION_DATE "Tue Feb 14 11:43:57 CET 2012"
| #define VERSION_FLAVOR "Spezi"
| /* end confdefs.h.  */
| #include <ac_nonexistent.h>
configure:6794: checking for ANSI C header files
configure:6814: gcc -c -g -O2  conftest.c >&5
configure:6814: $? = 0
configure:6887: gcc -o conftest -g -O2   conftest.c  >&5
configure:6887: $? = 0
configure:6887: ./conftest
configure:6887: $? = 0
configure:6898: result: yes
configure:6911: checking for sys/types.h
configure:6911: gcc -c -g -O2  conftest.c >&5
configure:6911: $? = 0
configure:6911: result: yes
configure:6911: checking for sys/stat.h
configure:6911: gcc -c -g -O2  conftest.c >&5
configure:6911: $? = 0
configure:6911: result: yes
configure:6911: checking for stdlib.h
configure:6911: gcc -c -g -O2  conftest.c >&5
configure:6911: $? = 0
configure:6911: result: yes
configure:6911: checking for string.h
configure:6911: gcc -c -g -O2  conftest.c >&5
configure:6911: $? = 0
configure:6911: result: yes
configure:6911: checking for memory.h
configure:6911: gcc -c -g -O2  conftest.c >&5
configure:6911: $? = 0
configure:6911: result: yes
configure:6911: checking for strings.h
configure:6911: gcc -c -g -O2  conftest.c >&5
configure:6911: $? = 0
configure:6911: result: yes
configure:6911: checking for inttypes.h
configure:6911: gcc -c -g -O2  conftest.c >&5
configure:6911: $? = 0
configure:6911: result: yes
configure:6911: checking for stdint.h
configure:6911: gcc -c -g -O2  conftest.c >&5
configure:6911: $? = 0
configure:6911: result: yes
configure:6911: checking for unistd.h
configure:6911: gcc -c -g -O2  conftest.c >&5
configure:6911: $? = 0
configure:6911: result: yes
configure:6925: checking for dlfcn.h
configure:6925: gcc -c -g -O2  conftest.c >&5
configure:6925: $? = 0
configure:6925: result: yes
configure:7109: checking for objdir
configure:7124: result: .libs
configure:7416: checking if gcc supports -fno-rtti -fno-exceptions
configure:7434: gcc -c -g -O2  -fno-rtti -fno-exceptions conftest.c >&5
cc1: warning: command line option '-fno-rtti' is valid for C++/ObjC++ but not for C [enabled by default]
configure:7438: $? = 0
configure:7451: result: no
configure:7471: checking for gcc option to produce PIC
configure:7743: result: -fPIC -DPIC
configure:7755: checking if gcc PIC flag -fPIC -DPIC works
configure:7773: gcc -c -g -O2  -fPIC -DPIC -DPIC conftest.c >&5
configure:7777: $? = 0
configure:7790: result: yes
configure:7814: checking if gcc static flag -static works
configure:7842: result: yes
configure:7857: checking if gcc supports -c -o file.o
configure:7878: gcc -c -g -O2  -o out/conftest2.o conftest.c >&5
configure:7882: $? = 0
configure:7904: result: yes
configure:7912: checking if gcc supports -c -o file.o
configure:7959: result: yes
configure:7992: checking whether the gcc linker (/usr/bin/ld -m elf_x86_64) supports shared libraries
configure:8983: result: yes
configure:9020: checking whether -lc should be explicitly linked in
configure:9025: gcc -c -g -O2  conftest.c >&5
configure:9028: $? = 0
configure:9043: gcc -shared conftest.o  -v -Wl,-soname -Wl,conftest -o conftest 2\>\&1 \| /bin/grep  -lc  \>/dev/null 2\>\&1
configure:9046: $? = 0
configure:9058: result: no
configure:9222: checking dynamic linker characteristics
configure:9655: gcc -o conftest -g -O2   -Wl,-rpath -Wl,/foo conftest.c  >&5
configure:9655: $? = 0
configure:9885: result: GNU/Linux ld.so
configure:9987: checking how to hardcode library paths into programs
configure:10012: result: immediate
configure:10532: checking whether stripping libraries is possible
configure:10537: result: yes
configure:10572: checking if libtool supports shared libraries
configure:10574: result: yes
configure:10577: checking whether to build shared libraries
configure:10598: result: yes
configure:10601: checking whether to build static libraries
configure:10605: result: yes
configure:10640: checking whether make sets $(MAKE)
configure:10662: result: yes
configure:10678: checking size of unsigned long long int
configure:10683: gcc -o conftest -g -O2   conftest.c  >&5
configure:10683: $? = 0
configure:10683: ./conftest
configure:10683: $? = 0
configure:10697: result: 8
configure:10711: checking size of unsigned long int
configure:10716: gcc -o conftest -g -O2   conftest.c  >&5
configure:10716: $? = 0
configure:10716: ./conftest
configure:10716: $? = 0
configure:10730: result: 8
configure:10744: checking size of unsigned int
configure:10749: gcc -o conftest -g -O2   conftest.c  >&5
configure:10749: $? = 0
configure:10749: ./conftest
configure:10749: $? = 0
configure:10763: result: 4
configure:10777: checking size of unsigned short
configure:10782: gcc -o conftest -g -O2   conftest.c  >&5
configure:10782: $? = 0
configure:10782: ./conftest
configure:10782: $? = 0
configure:10796: result: 2
configure:10817: checking for fpurge
configure:10817: gcc -o conftest -g -O2   conftest.c  >&5
/tmp/ccR8pjG7.o: In function `main':
/home/araldo/tstat/conftest.c:66: undefined reference to `fpurge'
collect2: ld returned 1 exit status
configure:10817: $? = 1
configure: failed program was:
| /* confdefs.h */
| #define PACKAGE_NAME "tstat"
| #define PACKAGE_TARNAME "tstat"
| #define PACKAGE_VERSION "2.3"
| #define PACKAGE_STRING "tstat 2.3"
| #define PACKAGE_BUGREPORT "<mellia@mail.tlc.polito.it> <maurizio.munafo@polito.it>"
| #define PACKAGE_URL ""
| #define PACKAGE "tstat"
| #define VERSION "2.3"
| #define VERSION_MAJOR 2
| #define VERSION_MINOR 3
| #define VERSION_BUGFIX 0
| #define VERSION_DATE "Tue Feb 14 11:43:57 CET 2012"
| #define VERSION_FLAVOR "Spezi"
| #define STDC_HEADERS 1
| #define HAVE_SYS_TYPES_H 1
| #define HAVE_SYS_STAT_H 1
| #define HAVE_STDLIB_H 1
| #define HAVE_STRING_H 1
| #define HAVE_MEMORY_H 1
| #define HAVE_STRINGS_H 1
| #define HAVE_INTTYPES_H 1
| #define HAVE_STDINT_H 1
| #define HAVE_UNISTD_H 1
| #define HAVE_DLFCN_H 1
| #define LT_OBJDIR ".libs/"
| #define SIZEOF_UNSIGNED_LONG_LONG_INT 8
| #define SIZEOF_UNSIGNED_LONG_INT 8
| #define SIZEOF_UNSIGNED_INT 4
| #define SIZEOF_UNSIGNED_SHORT 2
| /* end confdefs.h.  */
| /* Define fpurge to an innocuous variant, in case <limits.h> declares fpurge.
|    For example, HP-UX 11i <limits.h> declares gettimeofday.  */
| #define fpurge innocuous_fpurge
| 
| /* System header to define __stub macros and hopefully few prototypes,
|     which can conflict with char fpurge (); below.
|     Prefer <limits.h> to <assert.h> if __STDC__ is defined, since
|     <limits.h> exists even on freestanding compilers.  */
| 
| #ifdef __STDC__
| # include <limits.h>
| #else
| # include <assert.h>
| #endif
| 
| #undef fpurge
| 
| /* Override any GCC internal prototype to avoid an error.
|    Use char because int might match the return type of a GCC
|    builtin and then its argument prototype would still apply.  */
| #ifdef __cplusplus
| extern "C"
| #endif
| char fpurge ();
| /* The GNU C library defines this for functions which it implements
|     to always fail with ENOSYS.  Some functions are actually named
|     something starting with __ and the normal name is an alias.  */
| #if defined __stub_fpurge || defined __stub___fpurge
| choke me
| #endif
| 
| int
| main ()
| {
| return fpurge ();
|   ;
|   return 0;
| }
configure:10817: result: no
configure:10830: checking for mkstemp
configure:10830: gcc -o conftest -g -O2   conftest.c  >&5
configure:10830: $? = 0
configure:10830: result: yes
configure:10843: checking for inet_pton
configure:10843: gcc -o conftest -g -O2   conftest.c  >&5
configure:10843: $? = 0
configure:10843: result: yes
configure:10862: checking for log in -lm
configure:10887: gcc -o conftest -g -O2   conftest.c -lm   >&5
conftest.c:41:6: warning: conflicting types for built-in function 'log' [enabled by default]
configure:10887: $? = 0
configure:10896: result: yes
configure:10909: checking for pthread_cond_init in -lpthread
configure:10934: gcc -o conftest -g -O2   conftest.c -lpthread  -lm  >&5
configure:10934: $? = 0
configure:10943: result: yes
configure:11028: checking pcap.h usability
configure:11028: gcc -c -g -O2  conftest.c >&5
configure:11028: $? = 0
configure:11028: result: yes
configure:11028: checking pcap.h presence
configure:11028: gcc -E  conftest.c
configure:11028: $? = 0
configure:11028: result: yes
configure:11028: checking for pcap.h
configure:11028: result: yes
configure:11042: checking net/bpf.h usability
configure:11042: gcc -c -g -O2  conftest.c >&5
conftest.c:70:21: fatal error: net/bpf.h: No such file or directory
compilation terminated.
configure:11042: $? = 1
configure: failed program was:
| /* confdefs.h */
| #define PACKAGE_NAME "tstat"
| #define PACKAGE_TARNAME "tstat"
| #define PACKAGE_VERSION "2.3"
| #define PACKAGE_STRING "tstat 2.3"
| #define PACKAGE_BUGREPORT "<mellia@mail.tlc.polito.it> <maurizio.munafo@polito.it>"
| #define PACKAGE_URL ""
| #define PACKAGE "tstat"
| #define VERSION "2.3"
| #define VERSION_MAJOR 2
| #define VERSION_MINOR 3
| #define VERSION_BUGFIX 0
| #define VERSION_DATE "Tue Feb 14 11:43:57 CET 2012"
| #define VERSION_FLAVOR "Spezi"
| #define STDC_HEADERS 1
| #define HAVE_SYS_TYPES_H 1
| #define HAVE_SYS_STAT_H 1
| #define HAVE_STDLIB_H 1
| #define HAVE_STRING_H 1
| #define HAVE_MEMORY_H 1
| #define HAVE_STRINGS_H 1
| #define HAVE_INTTYPES_H 1
| #define HAVE_STDINT_H 1
| #define HAVE_UNISTD_H 1
| #define HAVE_DLFCN_H 1
| #define LT_OBJDIR ".libs/"
| #define SIZEOF_UNSIGNED_LONG_LONG_INT 8
| #define SIZEOF_UNSIGNED_LONG_INT 8
| #define SIZEOF_UNSIGNED_INT 4
| #define SIZEOF_UNSIGNED_SHORT 2
| #define HAVE_MKSTEMP 1
| #define HAVE_INET_PTON 1
| #define HAVE_LIBM 1
| #define HAVE_LIBPTHREAD 1
| #define HAVE_PCAP_H 1
| /* end confdefs.h.  */
| #include <stdio.h>
| #ifdef HAVE_SYS_TYPES_H
| # include <sys/types.h>
| #endif
| #ifdef HAVE_SYS_STAT_H
| # include <sys/stat.h>
| #endif
| #ifdef STDC_HEADERS
| # include <stdlib.h>
| # include <stddef.h>
| #else
| # ifdef HAVE_STDLIB_H
| #  include <stdlib.h>
| # endif
| #endif
| #ifdef HAVE_STRING_H
| # if !defined STDC_HEADERS && defined HAVE_MEMORY_H
| #  include <memory.h>
| # endif
| # include <string.h>
| #endif
| #ifdef HAVE_STRINGS_H
| # include <strings.h>
| #endif
| #ifdef HAVE_INTTYPES_H
| # include <inttypes.h>
| #endif
| #ifdef HAVE_STDINT_H
| # include <stdint.h>
| #endif
| #ifdef HAVE_UNISTD_H
| # include <unistd.h>
| #endif
| #include <net/bpf.h>
configure:11042: result: no
configure:11042: checking net/bpf.h presence
configure:11042: gcc -E  conftest.c
conftest.c:37:21: fatal error: net/bpf.h: No such file or directory
compilation terminated.
configure:11042: $? = 1
configure: failed program was:
| /* confdefs.h */
| #define PACKAGE_NAME "tstat"
| #define PACKAGE_TARNAME "tstat"
| #define PACKAGE_VERSION "2.3"
| #define PACKAGE_STRING "tstat 2.3"
| #define PACKAGE_BUGREPORT "<mellia@mail.tlc.polito.it> <maurizio.munafo@polito.it>"
| #define PACKAGE_URL ""
| #define PACKAGE "tstat"
| #define VERSION "2.3"
| #define VERSION_MAJOR 2
| #define VERSION_MINOR 3
| #define VERSION_BUGFIX 0
| #define VERSION_DATE "Tue Feb 14 11:43:57 CET 2012"
| #define VERSION_FLAVOR "Spezi"
| #define STDC_HEADERS 1
| #define HAVE_SYS_TYPES_H 1
| #define HAVE_SYS_STAT_H 1
| #define HAVE_STDLIB_H 1
| #define HAVE_STRING_H 1
| #define HAVE_MEMORY_H 1
| #define HAVE_STRINGS_H 1
| #define HAVE_INTTYPES_H 1
| #define HAVE_STDINT_H 1
| #define HAVE_UNISTD_H 1
| #define HAVE_DLFCN_H 1
| #define LT_OBJDIR ".libs/"
| #define SIZEOF_UNSIGNED_LONG_LONG_INT 8
| #define SIZEOF_UNSIGNED_LONG_INT 8
| #define SIZEOF_UNSIGNED_INT 4
| #define SIZEOF_UNSIGNED_SHORT 2
| #define HAVE_MKSTEMP 1
| #define HAVE_INET_PTON 1
| #define HAVE_LIBM 1
| #define HAVE_LIBPTHREAD 1
| #define HAVE_PCAP_H 1
| /* end confdefs.h.  */
| #include <net/bpf.h>
configure:11042: result: no
configure:11042: checking for net/bpf.h
configure:11042: result: no
configure:11054: checking pcap-bpf.h usability
configure:11054: gcc -c -g -O2  conftest.c >&5
configure:11054: $? = 0
configure:11054: result: yes
configure:11054: checking pcap-bpf.h presence
configure:11054: gcc -E  conftest.c
configure:11054: $? = 0
configure:11054: result: yes
configure:11054: checking for pcap-bpf.h
configure:11054: result: yes
configure:11065: checking for pcap_open_live in -lpcap
configure:11090: gcc -o conftest -g -O2   conftest.c -lpcap  -lpthread -lm  >&5
configure:11090: $? = 0
configure:11099: result: yes
configure:11151: checking for rrd_init in -lrrd
configure:11176: gcc -o conftest -g -O2   conftest.c -lrrd  -lpcap -lpthread -lm  >&5
/usr/bin/ld: cannot find -lrrd
collect2: ld returned 1 exit status
configure:11176: $? = 1
configure: failed program was:
| /* confdefs.h */
| #define PACKAGE_NAME "tstat"
| #define PACKAGE_TARNAME "tstat"
| #define PACKAGE_VERSION "2.3"
| #define PACKAGE_STRING "tstat 2.3"
| #define PACKAGE_BUGREPORT "<mellia@mail.tlc.polito.it> <maurizio.munafo@polito.it>"
| #define PACKAGE_URL ""
| #define PACKAGE "tstat"
| #define VERSION "2.3"
| #define VERSION_MAJOR 2
| #define VERSION_MINOR 3
| #define VERSION_BUGFIX 0
| #define VERSION_DATE "Tue Feb 14 11:43:57 CET 2012"
| #define VERSION_FLAVOR "Spezi"
| #define STDC_HEADERS 1
| #define HAVE_SYS_TYPES_H 1
| #define HAVE_SYS_STAT_H 1
| #define HAVE_STDLIB_H 1
| #define HAVE_STRING_H 1
| #define HAVE_MEMORY_H 1
| #define HAVE_STRINGS_H 1
| #define HAVE_INTTYPES_H 1
| #define HAVE_STDINT_H 1
| #define HAVE_UNISTD_H 1
| #define HAVE_DLFCN_H 1
| #define LT_OBJDIR ".libs/"
| #define SIZEOF_UNSIGNED_LONG_LONG_INT 8
| #define SIZEOF_UNSIGNED_LONG_INT 8
| #define SIZEOF_UNSIGNED_INT 4
| #define SIZEOF_UNSIGNED_SHORT 2
| #define HAVE_MKSTEMP 1
| #define HAVE_INET_PTON 1
| #define HAVE_LIBM 1
| #define HAVE_LIBPTHREAD 1
| #define HAVE_PCAP_H 1
| #define HAVE_PCAP_BPF_H 1
| #define HAVE_LIBPCAP 1
| /* end confdefs.h.  */
| 
| /* Override any GCC internal prototype to avoid an error.
|    Use char because int might match the return type of a GCC
|    builtin and then its argument prototype would still apply.  */
| #ifdef __cplusplus
| extern "C"
| #endif
| char rrd_init ();
| int
| main ()
| {
| return rrd_init ();
|   ;
|   return 0;
| }
configure:11185: result: no
configure:11213: checking for gzopen in -lz
configure:11238: gcc -o conftest -g -O2   conftest.c -lz  -lpcap -lpthread -lm  >&5
/usr/bin/ld: cannot find -lz
collect2: ld returned 1 exit status
configure:11238: $? = 1
configure: failed program was:
| /* confdefs.h */
| #define PACKAGE_NAME "tstat"
| #define PACKAGE_TARNAME "tstat"
| #define PACKAGE_VERSION "2.3"
| #define PACKAGE_STRING "tstat 2.3"
| #define PACKAGE_BUGREPORT "<mellia@mail.tlc.polito.it> <maurizio.munafo@polito.it>"
| #define PACKAGE_URL ""
| #define PACKAGE "tstat"
| #define VERSION "2.3"
| #define VERSION_MAJOR 2
| #define VERSION_MINOR 3
| #define VERSION_BUGFIX 0
| #define VERSION_DATE "Tue Feb 14 11:43:57 CET 2012"
| #define VERSION_FLAVOR "Spezi"
| #define STDC_HEADERS 1
| #define HAVE_SYS_TYPES_H 1
| #define HAVE_SYS_STAT_H 1
| #define HAVE_STDLIB_H 1
| #define HAVE_STRING_H 1
| #define HAVE_MEMORY_H 1
| #define HAVE_STRINGS_H 1
| #define HAVE_INTTYPES_H 1
| #define HAVE_STDINT_H 1
| #define HAVE_UNISTD_H 1
| #define HAVE_DLFCN_H 1
| #define LT_OBJDIR ".libs/"
| #define SIZEOF_UNSIGNED_LONG_LONG_INT 8
| #define SIZEOF_UNSIGNED_LONG_INT 8
| #define SIZEOF_UNSIGNED_INT 4
| #define SIZEOF_UNSIGNED_SHORT 2
| #define HAVE_MKSTEMP 1
| #define HAVE_INET_PTON 1
| #define HAVE_LIBM 1
| #define HAVE_LIBPTHREAD 1
| #define HAVE_PCAP_H 1
| #define HAVE_PCAP_BPF_H 1
| #define HAVE_LIBPCAP 1
| /* end confdefs.h.  */
| 
| /* Override any GCC internal prototype to avoid an error.
|    Use char because int might match the return type of a GCC
|    builtin and then its argument prototype would still apply.  */
| #ifdef __cplusplus
| extern "C"
| #endif
| char gzopen ();
| int
| main ()
| {
| return gzopen ();
|   ;
|   return 0;
| }
configure:11247: result: no
configure:11424: creating ./config.status

## ---------------- ##
## Cache variables. ##
## ---------------- ##

ac_cv_build=x86_64-unknown-linux-gnu
ac_cv_c_compiler_gnu=yes
ac_cv_env_CC_set=
ac_cv_env_CC_value=
ac_cv_env_CFLAGS_set=
ac_cv_env_CFLAGS_value=
ac_cv_env_CPPFLAGS_set=
ac_cv_env_CPPFLAGS_value=
ac_cv_env_CPP_set=
ac_cv_env_CPP_value=
ac_cv_env_LDFLAGS_set=
ac_cv_env_LDFLAGS_value=
ac_cv_env_LIBS_set=
ac_cv_env_LIBS_value=
ac_cv_env_build_alias_set=
ac_cv_env_build_alias_value=
ac_cv_env_host_alias_set=
ac_cv_env_host_alias_value=
ac_cv_env_target_alias_set=
ac_cv_env_target_alias_value=
ac_cv_func_fpurge=no
ac_cv_func_inet_pton=yes
ac_cv_func_mkstemp=yes
ac_cv_header_dlfcn_h=yes
ac_cv_header_inttypes_h=yes
ac_cv_header_memory_h=yes
ac_cv_header_net_bpf_h=no
ac_cv_header_pcap_bpf_h=yes
ac_cv_header_pcap_h=yes
ac_cv_header_stdc=yes
ac_cv_header_stdint_h=yes
ac_cv_header_stdlib_h=yes
ac_cv_header_string_h=yes
ac_cv_header_strings_h=yes
ac_cv_header_sys_stat_h=yes
ac_cv_header_sys_types_h=yes
ac_cv_header_unistd_h=yes
ac_cv_host=x86_64-unknown-linux-gnu
ac_cv_lib_m_log=yes
ac_cv_lib_pcap_pcap_open_live=yes
ac_cv_lib_pthread_pthread_cond_init=yes
ac_cv_lib_rrd_rrd_init=no
ac_cv_lib_z_gzopen=no
ac_cv_objext=o
ac_cv_path_EGREP='/bin/grep -E'
ac_cv_path_FGREP='/bin/grep -F'
ac_cv_path_GREP=/bin/grep
ac_cv_path_SED=/bin/sed
ac_cv_path_install='/usr/bin/install -c'
ac_cv_path_mkdir=/bin/mkdir
ac_cv_prog_AWK=mawk
ac_cv_prog_CPP='gcc -E'
ac_cv_prog_ac_ct_AR=ar
ac_cv_prog_ac_ct_CC=gcc
ac_cv_prog_ac_ct_OBJDUMP=objdump
ac_cv_prog_ac_ct_RANLIB=ranlib
ac_cv_prog_ac_ct_STRIP=strip
ac_cv_prog_cc_c89=
ac_cv_prog_cc_g=yes
ac_cv_prog_make_make_set=yes
ac_cv_sizeof_unsigned_int=4
ac_cv_sizeof_unsigned_long_int=8
ac_cv_sizeof_unsigned_long_long_int=8
ac_cv_sizeof_unsigned_short=2
am_cv_CC_dependencies_compiler_type=gcc3
lt_cv_deplibs_check_method=pass_all
lt_cv_file_magic_cmd='$MAGIC_CMD'
lt_cv_file_magic_test_file=
lt_cv_ld_reload_flag=-r
lt_cv_nm_interface='BSD nm'
lt_cv_objdir=.libs
lt_cv_path_LD=/usr/bin/ld
lt_cv_path_NM='/usr/bin/nm -B'
lt_cv_prog_compiler_c_o=yes
lt_cv_prog_compiler_pic_works=yes
lt_cv_prog_compiler_rtti_exceptions=no
lt_cv_prog_compiler_static_works=yes
lt_cv_prog_gnu_ld=yes
lt_cv_sys_global_symbol_pipe='sed -n -e '\''s/^.*[	 ]\([ABCDGIRSTW][ABCDGIRSTW]*\)[	 ][	 ]*\([_A-Za-z][_A-Za-z0-9]*\)$/\1 \2 \2/p'\'''
lt_cv_sys_global_symbol_to_c_name_address='sed -n -e '\''s/^: \([^ ]*\) $/  {\"\1\", (void *) 0},/p'\'' -e '\''s/^[ABCDGIRSTW]* \([^ ]*\) \([^ ]*\)$/  {"\2", (void *) \&\2},/p'\'''
lt_cv_sys_global_symbol_to_c_name_address_lib_prefix='sed -n -e '\''s/^: \([^ ]*\) $/  {\"\1\", (void *) 0},/p'\'' -e '\''s/^[ABCDGIRSTW]* \([^ ]*\) \(lib[^ ]*\)$/  {"\2", (void *) \&\2},/p'\'' -e '\''s/^[ABCDGIRSTW]* \([^ ]*\) \([^ ]*\)$/  {"lib\2", (void *) \&\2},/p'\'''
lt_cv_sys_global_symbol_to_cdecl='sed -n -e '\''s/^T .* \(.*\)$/extern int \1();/p'\'' -e '\''s/^[ABCDGIRSTW]* .* \(.*\)$/extern char \1;/p'\'''
lt_cv_sys_max_cmd_len=3458764513820540925

## ----------------- ##
## Output variables. ##
## ----------------- ##

ACLOCAL='${SHELL} /home/araldo/tstat/config/missing --run aclocal-1.11'
AMDEPBACKSLASH='\'
AMDEP_FALSE='#'
AMDEP_TRUE=''
AMTAR='${SHELL} /home/araldo/tstat/config/missing --run tar'
AR='ar'
AUTOCONF='${SHELL} /home/araldo/tstat/config/missing --run autoconf'
AUTOHEADER='${SHELL} /home/araldo/tstat/config/missing --run autoheader'
AUTOMAKE='${SHELL} /home/araldo/tstat/config/missing --run automake-1.11'
AWK='mawk'
CC='gcc'
CCDEPMODE='depmode=gcc3'
CFLAGS='-g -O2'
CPP='gcc -E'
CPPFLAGS=''
CYGPATH_W='echo'
DEFS='-DHAVE_CONFIG_H'
DEPDIR='.deps'
DSYMUTIL=''
DUMPBIN=''
ECHO_C=''
ECHO_N='-n'
ECHO_T=''
EGREP='/bin/grep -E'
EXEEXT=''
FGREP='/bin/grep -F'
GREP='/bin/grep'
INSTALL_DATA='${INSTALL} -m 644'
INSTALL_PROGRAM='${INSTALL}'
INSTALL_SCRIPT='${INSTALL}'
INSTALL_STRIP_PROGRAM='$(install_sh) -c -s'
LD='/usr/bin/ld -m elf_x86_64'
LDFLAGS=''
LIBOBJS=''
LIBS='-lpcap -lpthread -lm '
LIBTOOL='$(SHELL) $(top_builddir)/libtool'
LIBTSTAT_FALSE=''
LIBTSTAT_TRUE='#'
LIBTSTAT_VERSION='1.0.0'
LIPO=''
LN_S='ln -s'
LTLIBOBJS=''
MAKEINFO='${SHELL} /home/araldo/tstat/config/missing --run makeinfo'
MKDIR_P='/bin/mkdir -p'
NM='/usr/bin/nm -B'
NMEDIT=''
OBJDUMP='objdump'
OBJEXT='o'
OTOOL64=''
OTOOL=''
PACKAGE='tstat'
PACKAGE_BUGREPORT='<mellia@mail.tlc.polito.it> <maurizio.munafo@polito.it>'
PACKAGE_NAME='tstat'
PACKAGE_STRING='tstat 2.3'
PACKAGE_TARNAME='tstat'
PACKAGE_URL=''
PACKAGE_VERSION='2.3'
PATH_SEPARATOR=':'
PCAP_LDLINK='-lpcap'
RANLIB='ranlib'
SED='/bin/sed'
SET_MAKE=''
SHELL='/bin/bash'
STRIP='strip'
VERSION='2.3'
V_CCOPT=''
V_DEFINES=' -D_BSD_SOURCE'
V_INCLS=''
ac_ct_CC='gcc'
ac_ct_DUMPBIN=''
am__EXEEXT_FALSE=''
am__EXEEXT_TRUE='#'
am__fastdepCC_FALSE='#'
am__fastdepCC_TRUE=''
am__include='include'
am__isrc=''
am__leading_dot='.'
am__quote=''
am__tar='${AMTAR} chof - "$$tardir"'
am__untar='${AMTAR} xf -'
bindir='${exec_prefix}/bin'
build='x86_64-unknown-linux-gnu'
build_alias=''
build_cpu='x86_64'
build_os='linux-gnu'
build_vendor='unknown'
datadir='${datarootdir}'
datarootdir='${prefix}/share'
docdir='${datarootdir}/doc/${PACKAGE_TARNAME}'
dvidir='${docdir}'
exec_prefix='${prefix}'
host='x86_64-unknown-linux-gnu'
host_alias=''
host_cpu='x86_64'
host_os='linux-gnu'
host_vendor='unknown'
htmldir='${docdir}'
includedir='${prefix}/include'
infodir='${datarootdir}/info'
install_sh='${SHELL} /home/araldo/tstat/config/install-sh'
libdir='${exec_prefix}/lib'
libexecdir='${exec_prefix}/libexec'
localedir='${datarootdir}/locale'
localstatedir='${prefix}/var'
lt_ECHO='echo'
mandir='${datarootdir}/man'
mkdir_p='/bin/mkdir -p'
oldincludedir='/usr/include'
pdfdir='${docdir}'
prefix='/usr/local'
program_transform_name='s,x,x,'
psdir='${docdir}'
sbindir='${exec_prefix}/sbin'
sharedstatedir='${prefix}/com'
sysconfdir='${prefix}/etc'
target_alias=''

## ----------- ##
## confdefs.h. ##
## ----------- ##

/* confdefs.h */
#define PACKAGE_NAME "tstat"
#define PACKAGE_TARNAME "tstat"
#define PACKAGE_VERSION "2.3"
#define PACKAGE_STRING "tstat 2.3"
#define PACKAGE_BUGREPORT "<mellia@mail.tlc.polito.it> <maurizio.munafo@polito.it>"
#define PACKAGE_URL ""
#define PACKAGE "tstat"
#define VERSION "2.3"
#define VERSION_MAJOR 2
#define VERSION_MINOR 3
#define VERSION_BUGFIX 0
#define VERSION_DATE "Tue Feb 14 11:43:57 CET 2012"
#define VERSION_FLAVOR "Spezi"
#define STDC_HEADERS 1
#define HAVE_SYS_TYPES_H 1
#define HAVE_SYS_STAT_H 1
#define HAVE_STDLIB_H 1
#define HAVE_STRING_H 1
#define HAVE_MEMORY_H 1
#define HAVE_STRINGS_H 1
#define HAVE_INTTYPES_H 1
#define HAVE_STDINT_H 1
#define HAVE_UNISTD_H 1
#define HAVE_DLFCN_H 1
#define LT_OBJDIR ".libs/"
#define SIZEOF_UNSIGNED_LONG_LONG_INT 8
#define SIZEOF_UNSIGNED_LONG_INT 8
#define SIZEOF_UNSIGNED_INT 4
#define SIZEOF_UNSIGNED_SHORT 2
#define HAVE_MKSTEMP 1
#define HAVE_INET_PTON 1
#define HAVE_LIBM 1
#define HAVE_LIBPTHREAD 1
#define HAVE_PCAP_H 1
#define HAVE_PCAP_BPF_H 1
#define HAVE_LIBPCAP 1

configure: exit 0

## ---------------------- ##
## Running config.status. ##
## ---------------------- ##

This file was extended by tstat config.status 2.3, which was
generated by GNU Autoconf 2.68.  Invocation command line was

  CONFIG_FILES    = 
  CONFIG_HEADERS  = 
  CONFIG_LINKS    = 
  CONFIG_COMMANDS = 
  $ ./config.status 

on araldo-desktop

config.status:1100: creating Makefile
config.status:1100: creating tstat/Makefile
config.status:1100: creating libtstat/Makefile
config.status:1100: creating libtstat/libtstat.pc
config.status:1100: creating libtstat-demo/Makefile
config.status:1100: creating README
config.status:1100: creating NEWS
config.status:1100: creating config.h
config.status:1329: executing depfiles commands
config.status:1329: executing libtool commands
